0 info it worked if it ends with ok
1 verbose cli [ 'node',
1 verbose cli   '/usr/local/bin/npm',
1 verbose cli   'install',
1 verbose cli   'grunt-contrib-copy',
1 verbose cli   '--save-dev' ]
2 info using npm@1.4.28
3 info using node@v0.10.32
4 warn package.json web-dev-test-questions@0.0.1 No description
5 warn package.json web-dev-test-questions@0.0.1 No repository field.
6 verbose readDependencies using package.json deps
7 verbose cache add [ 'grunt-contrib-copy', null ]
8 verbose cache add name=undefined spec="grunt-contrib-copy" args=["grunt-contrib-copy",null]
9 verbose parsed url { protocol: null,
9 verbose parsed url   slashes: null,
9 verbose parsed url   auth: null,
9 verbose parsed url   host: null,
9 verbose parsed url   port: null,
9 verbose parsed url   hostname: null,
9 verbose parsed url   hash: null,
9 verbose parsed url   search: null,
9 verbose parsed url   query: null,
9 verbose parsed url   pathname: 'grunt-contrib-copy',
9 verbose parsed url   path: 'grunt-contrib-copy',
9 verbose parsed url   href: 'grunt-contrib-copy' }
10 silly lockFile a84690fa-grunt-contrib-copy grunt-contrib-copy
11 verbose lock grunt-contrib-copy /Users/oshrilevi/.npm/a84690fa-grunt-contrib-copy.lock
12 silly lockFile a84690fa-grunt-contrib-copy grunt-contrib-copy
13 silly lockFile a84690fa-grunt-contrib-copy grunt-contrib-copy
14 verbose addNamed [ 'grunt-contrib-copy', '' ]
15 verbose addNamed [ null, '*' ]
16 silly lockFile 9ec4cea0-grunt-contrib-copy grunt-contrib-copy@
17 verbose lock grunt-contrib-copy@ /Users/oshrilevi/.npm/9ec4cea0-grunt-contrib-copy.lock
18 silly addNameRange { name: 'grunt-contrib-copy', range: '*', hasData: false }
19 verbose request where is /grunt-contrib-copy
20 verbose request registry https://registry.npmjs.org/
21 verbose request id d78d80d1059d95ec
22 verbose url raw /grunt-contrib-copy
23 verbose url resolving [ 'https://registry.npmjs.org/', './grunt-contrib-copy' ]
24 verbose url resolved https://registry.npmjs.org/grunt-contrib-copy
25 verbose request where is https://registry.npmjs.org/grunt-contrib-copy
26 info trying registry request attempt 1 at 13:35:25
27 verbose etag "7NBOOLSO1OH91XUPJ60J9KRPA"
28 http GET https://registry.npmjs.org/grunt-contrib-copy
29 http 304 https://registry.npmjs.org/grunt-contrib-copy
30 silly registry.get cb [ 304,
30 silly registry.get   { date: 'Tue, 18 Aug 2015 10:35:26 GMT',
30 silly registry.get     via: '1.1 varnish',
30 silly registry.get     'cache-control': 'max-age=60',
30 silly registry.get     etag: '"7NBOOLSO1OH91XUPJ60J9KRPA"',
30 silly registry.get     age: '8',
30 silly registry.get     connection: 'keep-alive',
30 silly registry.get     'x-served-by': 'cache-lhr6326-LHR',
30 silly registry.get     'x-cache': 'HIT',
30 silly registry.get     'x-cache-hits': '1',
30 silly registry.get     'x-timer': 'S1439894126.194994,VS0,VE1',
30 silly registry.get     vary: 'Accept' } ]
31 verbose etag https://registry.npmjs.org/grunt-contrib-copy from cache
32 silly addNameRange number 2 { name: 'grunt-contrib-copy', range: '*', hasData: true }
33 silly addNameRange versions [ 'grunt-contrib-copy',
33 silly addNameRange   [ '0.2.0',
33 silly addNameRange     '0.2.1',
33 silly addNameRange     '0.2.2',
33 silly addNameRange     '0.2.3',
33 silly addNameRange     '0.2.4',
33 silly addNameRange     '0.3.0',
33 silly addNameRange     '0.3.1',
33 silly addNameRange     '0.3.2',
33 silly addNameRange     '0.4.0',
33 silly addNameRange     '0.4.1',
33 silly addNameRange     '0.5.0',
33 silly addNameRange     '0.6.0',
33 silly addNameRange     '0.7.0',
33 silly addNameRange     '0.8.0',
33 silly addNameRange     '0.4.0-rc7' ] ]
34 verbose addNamed [ 'grunt-contrib-copy', '0.8.0' ]
35 verbose addNamed [ '0.8.0', '0.8.0' ]
36 silly lockFile 4ba694f5-grunt-contrib-copy-0-8-0 grunt-contrib-copy@0.8.0
37 verbose lock grunt-contrib-copy@0.8.0 /Users/oshrilevi/.npm/4ba694f5-grunt-contrib-copy-0-8-0.lock
38 silly lockFile 1419f501-opy-grunt-contrib-copy-0-8-0-tgz https://registry.npmjs.org/grunt-contrib-copy/-/grunt-contrib-copy-0.8.0.tgz
39 verbose lock https://registry.npmjs.org/grunt-contrib-copy/-/grunt-contrib-copy-0.8.0.tgz /Users/oshrilevi/.npm/1419f501-opy-grunt-contrib-copy-0-8-0-tgz.lock
40 verbose addRemoteTarball [ 'https://registry.npmjs.org/grunt-contrib-copy/-/grunt-contrib-copy-0.8.0.tgz',
40 verbose addRemoteTarball   'ee3027e65e4f2ffb9525a903c19efd80a8f2479b' ]
41 info retry fetch attempt 1 at 13:35:26
42 verbose fetch to= /var/folders/y8/k5pxwf555_n482qvkw_j6yl00000gn/T/npm-58774-lhh1L92m/registry.npmjs.org/grunt-contrib-copy/-/grunt-contrib-copy-0.8.0.tgz
43 http GET https://registry.npmjs.org/grunt-contrib-copy/-/grunt-contrib-copy-0.8.0.tgz
44 http 200 https://registry.npmjs.org/grunt-contrib-copy/-/grunt-contrib-copy-0.8.0.tgz
45 silly lockFile 1419f501-opy-grunt-contrib-copy-0-8-0-tgz https://registry.npmjs.org/grunt-contrib-copy/-/grunt-contrib-copy-0.8.0.tgz
46 silly lockFile 1419f501-opy-grunt-contrib-copy-0-8-0-tgz https://registry.npmjs.org/grunt-contrib-copy/-/grunt-contrib-copy-0.8.0.tgz
47 silly lockFile 4ba694f5-grunt-contrib-copy-0-8-0 grunt-contrib-copy@0.8.0
48 silly lockFile 4ba694f5-grunt-contrib-copy-0-8-0 grunt-contrib-copy@0.8.0
49 silly lockFile 9ec4cea0-grunt-contrib-copy grunt-contrib-copy@
50 silly lockFile 9ec4cea0-grunt-contrib-copy grunt-contrib-copy@
51 error Error: EACCES, mkdir '/Users/oshrilevi/.npm/grunt-contrib-copy/0.8.0'
51 error  { [Error: EACCES, mkdir '/Users/oshrilevi/.npm/grunt-contrib-copy/0.8.0']
51 error   errno: 3,
51 error   code: 'EACCES',
51 error   path: '/Users/oshrilevi/.npm/grunt-contrib-copy/0.8.0',
51 error   parent: 'web-dev-test-questions' }
52 error Please try running this command again as root/Administrator.
53 error System Darwin 14.4.0
54 error command "node" "/usr/local/bin/npm" "install" "grunt-contrib-copy" "--save-dev"
55 error cwd /Users/oshrilevi/Documents/github/web-dev-test-questions
56 error node -v v0.10.32
57 error npm -v 1.4.28
58 error path /Users/oshrilevi/.npm/grunt-contrib-copy/0.8.0
59 error code EACCES
60 error errno 3
61 error stack Error: EACCES, mkdir '/Users/oshrilevi/.npm/grunt-contrib-copy/0.8.0'
62 verbose exit [ 3, true ]
